生成启动时间为 2023/8/9 17:01:27。
     1>项目“D:\桌面\c++\2023.8.9（2）\2023.8.9（2）\2023.8.9（2）.vcxproj”在节点 2 上(build 个目标)。
     1>InitializeBuildStatus:
         正在对“Debug\2023.8.9（2）.unsuccessfulbuild”执行 Touch 任务。
       ClCompile:
         C:\Program Files (x86)\Microsoft Visual Studio 10.0\VC\bin\CL.exe /c /ZI /nologo /W3 /WX- /Od /Oy- /D _UNICODE /D UNICODE /Gm /EHsc /RTC1 /MDd /GS /fp:precise /Zc:wchar_t /Zc:forScope /Fo"Debug\\" /Fd"Debug\vc100.pdb" /Gd /TC /analyze- /errorReport:prompt wzyx.c
         wzyx.c
     1>d:\桌面\c++\2023.8.9（2）\2023.8.9（2）\wzyx.c(34): error C2143: 语法错误 : 缺少“;”(在“类型”的前面)
     1>d:\桌面\c++\2023.8.9（2）\2023.8.9（2）\wzyx.c(34): error C2143: 语法错误 : 缺少“;”(在“类型”的前面)
     1>d:\桌面\c++\2023.8.9（2）\2023.8.9（2）\wzyx.c(34): error C2143: 语法错误 : 缺少“)”(在“类型”的前面)
     1>d:\桌面\c++\2023.8.9（2）\2023.8.9（2）\wzyx.c(34): error C2143: 语法错误 : 缺少“;”(在“类型”的前面)
     1>d:\桌面\c++\2023.8.9（2）\2023.8.9（2）\wzyx.c(34): error C2065: “i”: 未声明的标识符
     1>d:\桌面\c++\2023.8.9（2）\2023.8.9（2）\wzyx.c(34): warning C4552: “<”: 运算符不起任何作用；应输入带副作用的运算符
     1>d:\桌面\c++\2023.8.9（2）\2023.8.9（2）\wzyx.c(34): error C2065: “i”: 未声明的标识符
     1>d:\桌面\c++\2023.8.9（2）\2023.8.9（2）\wzyx.c(34): error C2059: 语法错误:“)”
     1>d:\桌面\c++\2023.8.9（2）\2023.8.9（2）\wzyx.c(34): error C2143: 语法错误 : 缺少“;”(在“{”的前面)
     1>d:\桌面\c++\2023.8.9（2）\2023.8.9（2）\wzyx.c(35): error C2065: “i”: 未声明的标识符
     1>d:\桌面\c++\2023.8.9（2）\2023.8.9（2）\wzyx.c(35): error C2065: “i”: 未声明的标识符
     1>d:\桌面\c++\2023.8.9（2）\2023.8.9（2）\wzyx.c(36): error C2065: “i”: 未声明的标识符
     1>d:\桌面\c++\2023.8.9（2）\2023.8.9（2）\wzyx.c(37): error C2065: “i”: 未声明的标识符
     1>d:\桌面\c++\2023.8.9（2）\2023.8.9（2）\wzyx.c(37): error C2065: “i”: 未声明的标识符
     1>d:\桌面\c++\2023.8.9（2）\2023.8.9（2）\wzyx.c(38): error C2065: “i”: 未声明的标识符
     1>d:\桌面\c++\2023.8.9（2）\2023.8.9（2）\wzyx.c(47): error C2143: 语法错误 : 缺少“;”(在“类型”的前面)
     1>d:\桌面\c++\2023.8.9（2）\2023.8.9（2）\wzyx.c(47): error C2143: 语法错误 : 缺少“;”(在“类型”的前面)
     1>d:\桌面\c++\2023.8.9（2）\2023.8.9（2）\wzyx.c(47): error C2143: 语法错误 : 缺少“)”(在“类型”的前面)
     1>d:\桌面\c++\2023.8.9（2）\2023.8.9（2）\wzyx.c(47): error C2143: 语法错误 : 缺少“;”(在“类型”的前面)
     1>d:\桌面\c++\2023.8.9（2）\2023.8.9（2）\wzyx.c(47): error C2065: “i”: 未声明的标识符
     1>d:\桌面\c++\2023.8.9（2）\2023.8.9（2）\wzyx.c(47): warning C4552: “<”: 运算符不起任何作用；应输入带副作用的运算符
     1>d:\桌面\c++\2023.8.9（2）\2023.8.9（2）\wzyx.c(47): error C2065: “i”: 未声明的标识符
     1>d:\桌面\c++\2023.8.9（2）\2023.8.9（2）\wzyx.c(47): error C2059: 语法错误:“)”
     1>d:\桌面\c++\2023.8.9（2）\2023.8.9（2）\wzyx.c(47): error C2143: 语法错误 : 缺少“;”(在“{”的前面)
     1>d:\桌面\c++\2023.8.9（2）\2023.8.9（2）\wzyx.c(48): error C2065: “i”: 未声明的标识符
     1>已完成生成项目“D:\桌面\c++\2023.8.9（2）\2023.8.9（2）\2023.8.9（2）.vcxproj”(build 个目标)的操作 - 失败。

生成失败。

已用时间 00:00:00.10
