生成启动时间为 2023/8/12 18:23:06。
     1>项目“D:\桌面\c++\2023.8.12（1)\2023.8.12（1)\2023.8.12（1).vcxproj”在节点 2 上(build 个目标)。
     1>InitializeBuildStatus:
         正在创建“Debug\2023.8.12（1).unsuccessfulbuild”，因为已指定“AlwaysCreate”。
       ClCompile:
         C:\Program Files (x86)\Microsoft Visual Studio 10.0\VC\bin\CL.exe /c /ZI /nologo /W3 /WX- /Od /Oy- /D _UNICODE /D UNICODE /Gm /EHsc /RTC1 /MDd /GS /fp:precise /Zc:wchar_t /Zc:forScope /Fo"Debug\\" /Fd"Debug\vc100.pdb" /Gd /TC /analyze- /errorReport:prompt czd.c
         czd.c
     1>d:\桌面\c++\2023.8.12（1)\2023.8.12（1)\czd.c(50): warning C4996: 'scanf': This function or variable may be unsafe. Consider using scanf_s instead. To disable deprecation, use _CRT_SECURE_NO_WARNINGS. See online help for details.
                 c:\program files (x86)\microsoft visual studio 10.0\vc\include\stdio.h(304) : 参见“scanf”的声明
     1>d:\桌面\c++\2023.8.12（1)\2023.8.12（1)\czd.c(51): error C2143: 语法错误 : 缺少“;”(在“类型”的前面)
     1>d:\桌面\c++\2023.8.12（1)\2023.8.12（1)\czd.c(52): error C2143: 语法错误 : 缺少“;”(在“类型”的前面)
     1>d:\桌面\c++\2023.8.12（1)\2023.8.12（1)\czd.c(54): error C2065: “art”: 未声明的标识符
     1>d:\桌面\c++\2023.8.12（1)\2023.8.12（1)\czd.c(54): error C2109: 下标要求数组或指针类型
     1>d:\桌面\c++\2023.8.12（1)\2023.8.12（1)\czd.c(55): error C2065: “num”: 未声明的标识符
     1>d:\桌面\c++\2023.8.12（1)\2023.8.12（1)\czd.c(55): error C2065: “art”: 未声明的标识符
     1>d:\桌面\c++\2023.8.12（1)\2023.8.12（1)\czd.c(55): error C2109: 下标要求数组或指针类型
     1>d:\桌面\c++\2023.8.12（1)\2023.8.12（1)\czd.c(58): error C2065: “mem”: 未声明的标识符
     1>d:\桌面\c++\2023.8.12（1)\2023.8.12（1)\czd.c(58): error C2109: 下标要求数组或指针类型
     1>d:\桌面\c++\2023.8.12（1)\2023.8.12（1)\czd.c(58): error C2065: “art”: 未声明的标识符
     1>d:\桌面\c++\2023.8.12（1)\2023.8.12（1)\czd.c(58): error C2109: 下标要求数组或指针类型
     1>d:\桌面\c++\2023.8.12（1)\2023.8.12（1)\czd.c(59): error C2065: “num”: 未声明的标识符
     1>d:\桌面\c++\2023.8.12（1)\2023.8.12（1)\czd.c(59): error C2065: “art”: 未声明的标识符
     1>d:\桌面\c++\2023.8.12（1)\2023.8.12（1)\czd.c(59): error C2109: 下标要求数组或指针类型
     1>d:\桌面\c++\2023.8.12（1)\2023.8.12（1)\czd.c(62): error C2065: “mem”: 未声明的标识符
     1>d:\桌面\c++\2023.8.12（1)\2023.8.12（1)\czd.c(62): error C2109: 下标要求数组或指针类型
     1>d:\桌面\c++\2023.8.12（1)\2023.8.12（1)\czd.c(63): error C2065: “mem”: 未声明的标识符
     1>d:\桌面\c++\2023.8.12（1)\2023.8.12（1)\czd.c(63): error C2109: 下标要求数组或指针类型
     1>d:\桌面\c++\2023.8.12（1)\2023.8.12（1)\czd.c(63): error C2065: “art”: 未声明的标识符
     1>d:\桌面\c++\2023.8.12（1)\2023.8.12（1)\czd.c(63): error C2109: 下标要求数组或指针类型
     1>d:\桌面\c++\2023.8.12（1)\2023.8.12（1)\czd.c(65): error C2065: “num”: 未声明的标识符
     1>d:\桌面\c++\2023.8.12（1)\2023.8.12（1)\czd.c(65): error C2109: 下标要求数组或指针类型
     1>d:\桌面\c++\2023.8.12（1)\2023.8.12（1)\czd.c(66): error C2065: “num”: 未声明的标识符
     1>d:\桌面\c++\2023.8.12（1)\2023.8.12（1)\czd.c(66): error C2065: “art”: 未声明的标识符
     1>d:\桌面\c++\2023.8.12（1)\2023.8.12（1)\czd.c(66): error C2109: 下标要求数组或指针类型
     1>已完成生成项目“D:\桌面\c++\2023.8.12（1)\2023.8.12（1)\2023.8.12（1).vcxproj”(build 个目标)的操作 - 失败。

生成失败。

已用时间 00:00:00.57
